2024-08-27 23:04:43,599:WARNING:
'cuml' is a soft dependency and not included in the pycaret installation. Please run: `pip install cuml` to install.
2024-08-27 23:04:43,599:WARNING:
'cuml' is a soft dependency and not included in the pycaret installation. Please run: `pip install cuml` to install.
2024-08-27 23:04:43,600:WARNING:
'cuml' is a soft dependency and not included in the pycaret installation. Please run: `pip install cuml` to install.
2024-08-27 23:04:43,600:WARNING:
'cuml' is a soft dependency and not included in the pycaret installation. Please run: `pip install cuml` to install.
2024-08-27 23:04:54,792:INFO:Initializing load_model()
2024-08-27 23:04:54,792:INFO:load_model(model_name=model_y5_fullback.pkl, platform=None, authentication=None, verbose=True)
2024-08-27 23:05:54,048:INFO:Initializing load_model()
2024-08-27 23:05:54,062:INFO:load_model(model_name=model_y5_fullback, platform=None, authentication=None, verbose=True)
2024-08-27 23:06:43,761:INFO:Initializing load_model()
2024-08-27 23:06:43,773:INFO:load_model(model_name=model_name.pkl, platform=None, authentication=None, verbose=True)
2024-08-27 23:06:52,132:INFO:Initializing load_model()
2024-08-27 23:06:52,132:INFO:load_model(model_name=model_y5_fullback, platform=None, authentication=None, verbose=True)
2024-08-27 23:07:38,839:INFO:Initializing load_model()
2024-08-27 23:07:38,850:INFO:load_model(model_name=model_y5_fullback, platform=None, authentication=None, verbose=True)
2024-08-27 23:10:07,846:INFO:PyCaret ClassificationExperiment
2024-08-27 23:10:07,849:INFO:Logging name: clf-default-name
2024-08-27 23:10:07,849:INFO:ML Usecase: MLUsecase.CLASSIFICATION
2024-08-27 23:10:07,849:INFO:version 3.3.2
2024-08-27 23:10:07,850:INFO:Initializing setup()
2024-08-27 23:10:07,850:INFO:self.USI: dfbb
2024-08-27 23:10:07,850:INFO:self._variable_keys: {'data', 'idx', 'pipeline', 'exp_name_log', 'y_test', 'gpu_param', 'exp_id', 'X', 'fix_imbalance', 'fold_groups_param', '_available_plots', 'memory', 'log_plots_param', 'X_train', 'X_test', 'is_multiclass', 'html_param', '_ml_usecase', 'gpu_n_jobs_param', 'target_param', 'logging_param', 'USI', 'y_train', 'seed', 'fold_generator', 'y', 'fold_shuffle_param', 'n_jobs_param'}
2024-08-27 23:10:07,850:INFO:Checking environment
2024-08-27 23:10:07,851:INFO:python_version: 3.11.7
2024-08-27 23:10:07,851:INFO:python_build: ('main', 'Dec 15 2023 18:05:47')
2024-08-27 23:10:07,851:INFO:machine: AMD64
2024-08-27 23:10:07,851:INFO:platform: Windows-10-10.0.22635-SP0
2024-08-27 23:10:07,851:INFO:Memory: svmem(total=8532377600, available=676540416, percent=92.1, used=7855837184, free=676540416)
2024-08-27 23:10:07,852:INFO:Physical Core: 4
2024-08-27 23:10:07,852:INFO:Logical Core: 4
2024-08-27 23:10:07,852:INFO:Checking libraries
2024-08-27 23:10:07,852:INFO:System:
2024-08-27 23:10:07,853:INFO:    python: 3.11.7 | packaged by Anaconda, Inc. | (main, Dec 15 2023, 18:05:47) [MSC v.1916 64 bit (AMD64)]
2024-08-27 23:10:07,853:INFO:executable: D:\anaconda3\python.exe
2024-08-27 23:10:07,853:INFO:   machine: Windows-10-10.0.22635-SP0
2024-08-27 23:10:07,853:INFO:PyCaret required dependencies:
2024-08-27 23:10:07,854:INFO:                 pip: 23.3.1
2024-08-27 23:10:07,854:INFO:          setuptools: 68.2.2
2024-08-27 23:10:07,854:INFO:             pycaret: 3.3.2
2024-08-27 23:10:07,854:INFO:             IPython: 8.20.0
2024-08-27 23:10:07,855:INFO:          ipywidgets: 7.6.5
2024-08-27 23:10:07,855:INFO:                tqdm: 4.65.0
2024-08-27 23:10:07,855:INFO:               numpy: 1.26.4
2024-08-27 23:10:07,855:INFO:              pandas: 2.1.4
2024-08-27 23:10:07,855:INFO:              jinja2: 3.1.3
2024-08-27 23:10:07,856:INFO:               scipy: 1.11.4
2024-08-27 23:10:07,856:INFO:              joblib: 1.2.0
2024-08-27 23:10:07,856:INFO:             sklearn: 1.4.2
2024-08-27 23:10:07,856:INFO:                pyod: 2.0.1
2024-08-27 23:10:07,856:INFO:            imblearn: 0.12.3
2024-08-27 23:10:07,857:INFO:   category_encoders: 2.6.3
2024-08-27 23:10:07,857:INFO:            lightgbm: 4.5.0
2024-08-27 23:10:07,857:INFO:               numba: 0.59.0
2024-08-27 23:10:07,857:INFO:            requests: 2.31.0
2024-08-27 23:10:07,858:INFO:          matplotlib: 3.7.5
2024-08-27 23:10:07,858:INFO:          scikitplot: 0.3.7
2024-08-27 23:10:07,858:INFO:         yellowbrick: 1.5
2024-08-27 23:10:07,858:INFO:              plotly: 5.23.0
2024-08-27 23:10:07,858:INFO:    plotly-resampler: Not installed
2024-08-27 23:10:07,859:INFO:             kaleido: 0.2.1
2024-08-27 23:10:07,859:INFO:           schemdraw: 0.15
2024-08-27 23:10:07,859:INFO:         statsmodels: 0.14.0
2024-08-27 23:10:07,859:INFO:              sktime: 0.26.0
2024-08-27 23:10:07,859:INFO:               tbats: 1.1.3
2024-08-27 23:10:07,860:INFO:            pmdarima: 2.0.4
2024-08-27 23:10:07,860:INFO:              psutil: 5.9.0
2024-08-27 23:10:07,860:INFO:          markupsafe: 2.1.3
2024-08-27 23:10:07,860:INFO:             pickle5: Not installed
2024-08-27 23:10:07,861:INFO:         cloudpickle: 2.2.1
2024-08-27 23:10:07,861:INFO:         deprecation: 2.1.0
2024-08-27 23:10:07,861:INFO:              xxhash: 3.5.0
2024-08-27 23:10:07,861:INFO:           wurlitzer: Not installed
2024-08-27 23:10:07,862:INFO:PyCaret optional dependencies:
2024-08-27 23:10:07,885:INFO:                shap: Not installed
2024-08-27 23:10:07,885:INFO:           interpret: Not installed
2024-08-27 23:10:07,886:INFO:                umap: Not installed
2024-08-27 23:10:07,886:INFO:     ydata_profiling: Not installed
2024-08-27 23:10:07,886:INFO:  explainerdashboard: Not installed
2024-08-27 23:10:07,886:INFO:             autoviz: Not installed
2024-08-27 23:10:07,886:INFO:           fairlearn: Not installed
2024-08-27 23:10:07,887:INFO:          deepchecks: Not installed
2024-08-27 23:10:07,887:INFO:             xgboost: Not installed
2024-08-27 23:10:07,887:INFO:            catboost: Not installed
2024-08-27 23:10:07,887:INFO:              kmodes: Not installed
2024-08-27 23:10:07,887:INFO:             mlxtend: Not installed
2024-08-27 23:10:07,887:INFO:       statsforecast: Not installed
2024-08-27 23:10:07,888:INFO:        tune_sklearn: Not installed
2024-08-27 23:10:07,888:INFO:                 ray: Not installed
2024-08-27 23:10:07,888:INFO:            hyperopt: Not installed
2024-08-27 23:10:07,888:INFO:              optuna: Not installed
2024-08-27 23:10:07,888:INFO:               skopt: Not installed
2024-08-27 23:10:07,888:INFO:              mlflow: Not installed
2024-08-27 23:10:07,889:INFO:              gradio: Not installed
2024-08-27 23:10:07,889:INFO:             fastapi: Not installed
2024-08-27 23:10:07,889:INFO:             uvicorn: Not installed
2024-08-27 23:10:07,889:INFO:              m2cgen: Not installed
2024-08-27 23:10:07,889:INFO:           evidently: Not installed
2024-08-27 23:10:07,889:INFO:               fugue: Not installed
2024-08-27 23:10:07,889:INFO:           streamlit: 1.30.0
2024-08-27 23:10:07,890:INFO:             prophet: Not installed
2024-08-27 23:10:07,890:INFO:None
2024-08-27 23:10:07,890:INFO:Set up data.
2024-08-27 23:10:08,163:INFO:Set up folding strategy.
2024-08-27 23:10:08,163:INFO:Set up train/test split.
b[39;00m \u001b[38;5;28misinstance\u001b[39m(fobj, \u001b[38;5;28mstr\u001b[39m):\n\u001b[0;32m    653\u001b[0m                 \u001b[38;5;66;03m# if the returned file object is a string, this means we\u001b[39;00m\n\u001b[0;32m    654\u001b[0m                 \u001b[38;5;66;03m# try to load a pickle file generated with an version of\u001b[39;00m\n\u001b[0;32m    655\u001b[0m                 \u001b[38;5;66;03m# Joblib so we load it with joblib compatibility function.\u001b[39;00m\n",
      "\u001b[1;31mFileNotFoundError\u001b[0m: [Errno 2] No such file or directory: 'model_y5_fullback.pkl.pkl'"
     ]
    }
   ],
   "source": [
    "from pycaret.classification import load_model\n",
    "\n",
    "# Load the model\n",
    "model = load_model('model_y5_fullback.pkl')"
   ]
  }
 ],
 "metadata": {
  "kernelspec": {
   "display_name": "Python 3 (ipykernel)",
   "language": "python",
   "name": "python3"
  },
  "language_info": {
   "codemirror_mode": {
    "name": "ipython",
    "version": 3
   },
   "file_extension": ".py",
   "mimetype": "text/x-python",
   "name": "python",
   "nbconvert_exporter": "python",
   "pygments_lexer": "ipython3",
   "version": "3.11.7"
  }
 },
 "nbformat": 4,
 "nbformat_minor": 5
}
